<?xml version="1.0" encoding="UTF-8"?>
<testsuite xmlns:xsi="http://www.w3.org/2001/XMLSchema-instance" xsi:noNamespaceSchemaLocation="https://maven.apache.org/surefire/maven-surefire-plugin/xsd/surefire-test-report-3.0.xsd" version="3.0" name="TestRunners.TestrunnerTest" time="26.06" tests="4" errors="0" skipped="0" failures="0">
  <properties>
[...]
</properties>
  <testcase name="Test search button on google search page #1" classname="Test Google Search Page" time="6.7">
    <system-out><![CDATA[
@SmokeTest
Scenario Outline: Test search button on google search page &amp#27;[90m# src/test/resources/Features/Searchtest.feature:12&amp#27;[0m
  &amp#27;[32mGiven &amp#27;[0m&amp#27;[32mUser is on Google search page&amp#27;[0m                      &amp#27;[90m# StepDefinition.Teststeps.user_is_on_google_search_page()&amp#27;[0m
  &amp#27;[32mThen &amp#27;[0m&amp#27;[32mEnter "&amp#27;[0m&amp#27;[32m&amp#27;[1mAmazon&amp#27;[0m&amp#27;[32m" to search in search box&amp#27;[0m              &amp#27;[90m# StepDefinition.Teststeps.enter_to_search_in_search_box(java.lang.String)&amp#27;[0m
  &amp#27;[32mAnd &amp#27;[0m&amp#27;[32mClick on google search button&amp#27;[0m                        &amp#27;[90m# StepDefinition.Teststeps.click_on_google_search_button()&amp#27;[0m
]]></system-out>
    <system-err><![CDATA[Starting ChromeDriver 91.0.4472.101 (af52a90bf87030dd1523486a1cd3ae25c5d76c9b-refs/branch-heads/4472@{#1462}) on port 26180
Only local connections are allowed.
Please see https://chromedriver.chromium.org/security-considerations for suggestions on keeping ChromeDriver safe.
ChromeDriver was started successfully.
Jul 10, 2021 1:30:10 PM org.openqa.selenium.remote.ProtocolHandshake createSession
INFO: Detected dialect: W3C
]]></system-err>
  </testcase>
  <testcase name="Test search button on google search page #2" classname="Test Google Search Page" time="4.46">
    <system-out><![CDATA[
@SmokeTest
Scenario Outline: Test search button on google search page &amp#27;[90m# src/test/resources/Features/Searchtest.feature:13&amp#27;[0m
  &amp#27;[32mGiven &amp#27;[0m&amp#27;[32mUser is on Google search page&amp#27;[0m                      &amp#27;[90m# StepDefinition.Teststeps.user_is_on_google_search_page()&amp#27;[0m
  &amp#27;[32mThen &amp#27;[0m&amp#27;[32mEnter "&amp#27;[0m&amp#27;[32m&amp#27;[1mFlipkart&amp#27;[0m&amp#27;[32m" to search in search box&amp#27;[0m            &amp#27;[90m# StepDefinition.Teststeps.enter_to_search_in_search_box(java.lang.String)&amp#27;[0m
  &amp#27;[32mAnd &amp#27;[0m&amp#27;[32mClick on google search button&amp#27;[0m                        &amp#27;[90m# StepDefinition.Teststeps.click_on_google_search_button()&amp#27;[0m
]]></system-out>
    <system-err><![CDATA[Starting ChromeDriver 91.0.4472.101 (af52a90bf87030dd1523486a1cd3ae25c5d76c9b-refs/branch-heads/4472@{#1462}) on port 40328
Only local connections are allowed.
Please see https://chromedriver.chromium.org/security-considerations for suggestions on keeping ChromeDriver safe.
ChromeDriver was started successfully.
Jul 10, 2021 1:30:15 PM org.openqa.selenium.remote.ProtocolHandshake createSession
INFO: Detected dialect: W3C
]]></system-err>
  </testcase>
  <testcase name="Test I feeling lucky button on google search page #1" classname="Test Google Search Page" time="6.966">
    <system-out><![CDATA[
Scenario Outline: Test I feeling lucky button on google search page &amp#27;[90m# src/test/resources/Features/Searchtest.feature:24&amp#27;[0m
  &amp#27;[32mGiven &amp#27;[0m&amp#27;[32mUser is on Google search page&amp#27;[0m                               &amp#27;[90m# StepDefinition.Teststeps.user_is_on_google_search_page()&amp#27;[0m
  &amp#27;[32mThen &amp#27;[0m&amp#27;[32mEnter "&amp#27;[0m&amp#27;[32m&amp#27;[1mUnsplash&amp#27;[0m&amp#27;[32m" to search in search box&amp#27;[0m                     &amp#27;[90m# StepDefinition.Teststeps.enter_to_search_in_search_box(java.lang.String)&amp#27;[0m
  &amp#27;[32mAnd &amp#27;[0m&amp#27;[32mClick on I am feeling lucky button&amp#27;[0m                            &amp#27;[90m# StepDefinition.Teststeps.click_on_i_am_feeling_lucky_button()&amp#27;[0m
]]></system-out>
    <system-err><![CDATA[Starting ChromeDriver 91.0.4472.101 (af52a90bf87030dd1523486a1cd3ae25c5d76c9b-refs/branch-heads/4472@{#1462}) on port 17870
Only local connections are allowed.
Please see https://chromedriver.chromium.org/security-considerations for suggestions on keeping ChromeDriver safe.
ChromeDriver was started successfully.
Jul 10, 2021 1:30:19 PM org.openqa.selenium.remote.ProtocolHandshake createSession
INFO: Detected dialect: W3C
]]></system-err>
  </testcase>
  <testcase name="Test I feeling lucky button on google search page #2" classname="Test Google Search Page" time="7.008">
    <system-out><![CDATA[
Scenario Outline: Test I feeling lucky button on google search page &amp#27;[90m# src/test/resources/Features/Searchtest.feature:25&amp#27;[0m
  &amp#27;[32mGiven &amp#27;[0m&amp#27;[32mUser is on Google search page&amp#27;[0m                               &amp#27;[90m# StepDefinition.Teststeps.user_is_on_google_search_page()&amp#27;[0m
  &amp#27;[32mThen &amp#27;[0m&amp#27;[32mEnter "&amp#27;[0m&amp#27;[32m&amp#27;[1mFlipkart&amp#27;[0m&amp#27;[32m" to search in search box&amp#27;[0m                     &amp#27;[90m# StepDefinition.Teststeps.enter_to_search_in_search_box(java.lang.String)&amp#27;[0m
  &amp#27;[32mAnd &amp#27;[0m&amp#27;[32mClick on I am feeling lucky button&amp#27;[0m                            &amp#27;[90m# StepDefinition.Teststeps.click_on_i_am_feeling_lucky_button()&amp#27;[0m
]]></system-out>
    <system-err><![CDATA[Starting ChromeDriver 91.0.4472.101 (af52a90bf87030dd1523486a1cd3ae25c5d76c9b-refs/branch-heads/4472@{#1462}) on port 15531
Only local connections are allowed.
Please see https://chromedriver.chromium.org/security-considerations for suggestions on keeping ChromeDriver safe.
ChromeDriver was started successfully.
Jul 10, 2021 1:30:26 PM org.openqa.selenium.remote.ProtocolHandshake createSession
INFO: Detected dialect: W3C
]]></system-err>
  </testcase>
</testsuite>