<?xml version="1.0" encoding="UTF-8"?>
<testsuite xmlns:xsi="http://www.w3.org/2001/XMLSchema-instance" xsi:noNamespaceSchemaLocation="https://maven.apache.org/surefire/maven-surefire-plugin/xsd/surefire-test-report-3.0.xsd" version="3.0" name="TestSuite" time="11.322" tests="2" errors="0" skipped="0" failures="0">
  <properties>
[...]
</properties>
  <testcase name="runScenario[&quot;Test search button on google search page&quot;, &quot;Optional[Test Google Search Page]&quot;](1)" classname="TestRunners.TestrunnerTest" time="5.011">
    <system-out><![CDATA[
@SmokeTest
Scenario Outline: Test search button on google search page &amp#27;[90m# Features/Searchtest.feature:12&amp#27;[0m
  &amp#27;[32mGiven &amp#27;[0m&amp#27;[32mUser is on Google search page&amp#27;[0m                      &amp#27;[90m# StepDefinition.Teststeps.user_is_on_google_search_page()&amp#27;[0m
  &amp#27;[32mThen &amp#27;[0m&amp#27;[32mEnter "&amp#27;[0m&amp#27;[32m&amp#27;[1mAmazon&amp#27;[0m&amp#27;[32m" to search in search box&amp#27;[0m              &amp#27;[90m# StepDefinition.Teststeps.enter_to_search_in_search_box(java.lang.String)&amp#27;[0m
  &amp#27;[32mAnd &amp#27;[0m&amp#27;[32mClick on google search button&amp#27;[0m                        &amp#27;[90m# StepDefinition.Teststeps.click_on_google_search_button()&amp#27;[0m
]]></system-out>
    <system-err><![CDATA[SLF4J: Failed to load class "org.slf4j.impl.StaticLoggerBinder".
SLF4J: Defaulting to no-operation (NOP) logger implementation
SLF4J: See http://www.slf4j.org/codes.html#StaticLoggerBinder for further details.
Starting ChromeDriver 91.0.4472.101 (af52a90bf87030dd1523486a1cd3ae25c5d76c9b-refs/branch-heads/4472@{#1462}) on port 47853
Only local connections are allowed.
Please see https://chromedriver.chromium.org/security-considerations for suggestions on keeping ChromeDriver safe.
ChromeDriver was started successfully.
Jul 04, 2021 12:44:47 PM org.openqa.selenium.remote.ProtocolHandshake createSession
INFO: Detected dialect: W3C
]]></system-err>
  </testcase>
  <testcase name="runScenario[&quot;Test search button on google search page&quot;, &quot;Optional[Test Google Search Page]&quot;](2)" classname="TestRunners.TestrunnerTest" time="4.531">
    <system-out><![CDATA[
@SmokeTest
Scenario Outline: Test search button on google search page &amp#27;[90m# Features/Searchtest.feature:13&amp#27;[0m
  &amp#27;[32mGiven &amp#27;[0m&amp#27;[32mUser is on Google search page&amp#27;[0m                      &amp#27;[90m# StepDefinition.Teststeps.user_is_on_google_search_page()&amp#27;[0m
  &amp#27;[32mThen &amp#27;[0m&amp#27;[32mEnter "&amp#27;[0m&amp#27;[32m&amp#27;[1mFlipkart&amp#27;[0m&amp#27;[32m" to search in search box&amp#27;[0m            &amp#27;[90m# StepDefinition.Teststeps.enter_to_search_in_search_box(java.lang.String)&amp#27;[0m
  &amp#27;[32mAnd &amp#27;[0m&amp#27;[32mClick on google search button&amp#27;[0m                        &amp#27;[90m# StepDefinition.Teststeps.click_on_google_search_button()&amp#27;[0m
]]></system-out>
    <system-err><![CDATA[Starting ChromeDriver 91.0.4472.101 (af52a90bf87030dd1523486a1cd3ae25c5d76c9b-refs/branch-heads/4472@{#1462}) on port 20465
Only local connections are allowed.
Please see https://chromedriver.chromium.org/security-considerations for suggestions on keeping ChromeDriver safe.
ChromeDriver was started successfully.
Jul 04, 2021 12:44:50 PM org.openqa.selenium.remote.ProtocolHandshake createSession
INFO: Detected dialect: W3C
]]></system-err>
  </testcase>
</testsuite>