<?xml version="1.0" encoding="UTF-8"?>
<testng-results skipped="0" failed="0" ignored="0" total="2" passed="2">
  <reporter-output>
  </reporter-output>
  <suite name="Surefire suite" duration-ms="10445" started-at="2021-07-04T12:44:44 IST" finished-at="2021-07-04T12:44:54 IST">
    <groups>
      <group name="cucumber">
        <method signature="AbstractTestNGCucumberTests.runScenario(io.cucumber.testng.PickleWrapper,io.cucumber.testng.FeatureWrapper)[pri:0, instance:TestRunners.TestrunnerTest@655a5d9c]" name="runScenario" class="io.cucumber.testng.AbstractTestNGCucumberTests"/>
      </group> <!-- cucumber -->
    </groups>
    <test name="Surefire test" duration-ms="10445" started-at="2021-07-04T12:44:44 IST" finished-at="2021-07-04T12:44:54 IST">
      <class name="TestRunners.TestrunnerTest">
        <test-method status="PASS" signature="setUpClass()[pri:0, instance:TestRunners.TestrunnerTest@655a5d9c]" name="setUpClass" is-config="true" duration-ms="758" started-at="2021-07-04T12:44:44 IST" finished-at="2021-07-04T12:44:45 IST">
          <reporter-output>
          </reporter-output>
        </test-method> <!-- setUpClass -->
        <test-method status="PASS" signature="runScenario(io.cucumber.testng.PickleWrapper,io.cucumber.testng.FeatureWrapper)[pri:0, instance:TestRunners.TestrunnerTest@655a5d9c]" name="runScenario" duration-ms="5003" started-at="2021-07-04T12:44:45 IST" description="Runs Cucumber Scenarios" data-provider="scenarios" finished-at="2021-07-04T12:44:50 IST">
          <params>
            <param index="0">
              <value>
                <![CDATA["Test search button on google search page"]]>
              </value>
            </param>
            <param index="1">
              <value>
                <![CDATA["Optional[Test Google Search Page]"]]>
              </value>
            </param>
          </params>
          <reporter-output>
          </reporter-output>
        </test-method> <!-- runScenario -->
        <test-method status="PASS" signature="runScenario(io.cucumber.testng.PickleWrapper,io.cucumber.testng.FeatureWrapper)[pri:0, instance:TestRunners.TestrunnerTest@655a5d9c]" name="runScenario" duration-ms="4525" started-at="2021-07-04T12:44:50 IST" description="Runs Cucumber Scenarios" data-provider="scenarios" finished-at="2021-07-04T12:44:54 IST">
          <params>
            <param index="0">
              <value>
                <![CDATA["Test search button on google search page"]]>
              </value>
            </param>
            <param index="1">
              <value>
                <![CDATA["Optional[Test Google Search Page]"]]>
              </value>
            </param>
          </params>
          <reporter-output>
          </reporter-output>
        </test-method> <!-- runScenario -->
        <test-method status="PASS" signature="tearDownClass()[pri:0, instance:TestRunners.TestrunnerTest@655a5d9c]" name="tearDownClass" is-config="true" duration-ms="35" started-at="2021-07-04T12:44:54 IST" finished-at="2021-07-04T12:44:54 IST">
          <reporter-output>
          </reporter-output>
        </test-method> <!-- tearDownClass -->
      </class> <!-- TestRunners.TestrunnerTest -->
    </test> <!-- Surefire test -->
  </suite> <!-- Surefire suite -->
</testng-results>
